<?xml version="1.0" encoding="UTF-8"?>
<testng-results skipped="0" failed="0" ignored="0" total="2" passed="2">
  <reporter-output>
  </reporter-output>
  <suite name="Suite" duration-ms="89023" started-at="2022-06-23T15:54:00 IST" finished-at="2022-06-23T15:55:29 IST">
    <groups>
    </groups>
    <test name="Test" duration-ms="89023" started-at="2022-06-23T15:54:00 IST" finished-at="2022-06-23T15:55:29 IST">
      <class name="Practise.AppiumFramework.APIDemos_TC1">
        <test-method status="PASS" signature="APIDemos()[pri:0, instance:Practise.AppiumFramework.APIDemos_TC1@1ad282e0]" name="APIDemos" duration-ms="28822" started-at="2022-06-23T15:55:00 IST" finished-at="2022-06-23T15:55:29 IST">
          <reporter-output>
          </reporter-output>
        </test-method> <!-- APIDemos -->
      </class> <!-- Practise.AppiumFramework.APIDemos_TC1 -->
      <class name="Practise.AppiumFramework.eCommerce_TC3">
        <test-method status="PASS" signature="killAllNodes()[pri:0, instance:Practise.AppiumFramework.eCommerce_TC3@1d7acb34]" name="killAllNodes" is-config="true" duration-ms="3021" started-at="2022-06-23T15:54:00 IST" finished-at="2022-06-23T15:54:03 IST">
          <reporter-output>
          </reporter-output>
        </test-method> <!-- killAllNodes -->
        <test-method status="PASS" signature="totalValidation()[pri:0, instance:Practise.AppiumFramework.eCommerce_TC3@1d7acb34]" name="totalValidation" duration-ms="57143" started-at="2022-06-23T15:54:03 IST" finished-at="2022-06-23T15:55:00 IST">
          <reporter-output>
          </reporter-output>
        </test-method> <!-- totalValidation -->
      </class> <!-- Practise.AppiumFramework.eCommerce_TC3 -->
    </test> <!-- Test -->
  </suite> <!-- Suite -->
</testng-results>
